2023-10-04 00:19:22.647 [info] Log level: Info
2023-10-04 00:19:22.647 [info] Validating found git in: "git"
2023-10-04 00:19:22.647 [info] Using git "2.42.0" from "git"
2023-10-04 00:19:22.653 [info] > git rev-parse --show-toplevel [8ms]
2023-10-04 00:19:22.653 [info] fatal: not a git repository (or any of the parent directories): .git
2023-10-04 00:19:22.665 [info] > git rev-parse --show-toplevel [4ms]
2023-10-04 00:19:22.665 [info] fatal: not a git repository (or any of the parent directories): .git
2023-10-04 00:19:22.677 [info] > git rev-parse --show-toplevel [3ms]
2023-10-04 00:19:22.677 [info] fatal: not a git repository (or any of the parent directories): .git
2023-10-04 00:19:22.699 [info] > git rev-parse --show-toplevel [3ms]
2023-10-04 00:19:22.699 [info] fatal: not a git repository (or any of the parent directories): .git
2023-10-04 00:19:22.738 [info] > git rev-parse --show-toplevel [24ms]
2023-10-04 00:19:22.738 [info] fatal: not a git repository (or any of the parent directories): .git
2023-10-04 00:19:22.764 [info] > git rev-parse --show-toplevel [11ms]
2023-10-04 00:19:22.764 [info] fatal: not a git repository (or any of the parent directories): .git
2023-10-04 00:19:22.776 [info] > git rev-parse --show-toplevel [3ms]
2023-10-04 00:19:22.776 [info] fatal: not a git repository (or any of the parent directories): .git
2023-10-04 00:19:22.828 [info] > git rev-parse --show-toplevel [39ms]
2023-10-04 00:19:22.828 [info] fatal: not a git repository (or any of the parent directories): .git
2023-10-04 00:19:22.880 [info] > git rev-parse --show-toplevel [23ms]
2023-10-04 00:19:22.880 [info] fatal: not a git repository (or any of the parent directories): .git
2023-10-04 00:19:22.895 [info] > git rev-parse --show-toplevel [2ms]
2023-10-04 00:19:22.895 [info] fatal: not a git repository (or any of the parent directories): .git
2023-10-04 00:19:22.926 [info] > git rev-parse --show-toplevel [0ms]
2023-10-04 00:19:22.926 [info] fatal: not a git repository (or any of the parent directories): .git
2023-10-04 00:19:22.958 [info] > git rev-parse --show-toplevel [1ms]
2023-10-04 00:19:22.958 [info] fatal: not a git repository (or any of the parent directories): .git
2023-10-04 00:19:22.968 [info] > git rev-parse --show-toplevel [3ms]
2023-10-04 00:19:22.968 [info] fatal: not a git repository (or any of the parent directories): .git
2023-10-04 00:19:22.991 [info] > git rev-parse --show-toplevel [12ms]
2023-10-04 00:19:22.991 [info] fatal: not a git repository (or any of the parent directories): .git
2023-10-04 00:19:23.003 [info] > git rev-parse --show-toplevel [2ms]
2023-10-04 00:19:23.003 [info] fatal: not a git repository (or any of the parent directories): .git
2023-10-04 00:19:23.014 [info] > git rev-parse --show-toplevel [5ms]
2023-10-04 00:19:23.014 [info] fatal: not a git repository (or any of the parent directories): .git
2023-10-04 00:19:23.023 [info] > git rev-parse --show-toplevel [2ms]
2023-10-04 00:19:23.023 [info] fatal: not a git repository (or any of the parent directories): .git
2023-10-04 00:19:23.033 [info] > git rev-parse --show-toplevel [3ms]
2023-10-04 00:19:23.033 [info] fatal: not a git repository (or any of the parent directories): .git
2023-10-04 00:19:23.555 [info] > git rev-parse --show-toplevel [2ms]
2023-10-04 00:19:23.555 [info] fatal: not a git repository (or any of the parent directories): .git
2023-10-04 00:19:24.973 [info] > git rev-parse --show-toplevel [2ms]
2023-10-04 00:19:24.973 [info] fatal: not a git repository (or any of the parent directories): .git
2023-10-04 00:19:25.906 [info] > git rev-parse --show-toplevel [2ms]
2023-10-04 00:19:25.906 [info] fatal: not a git repository (or any of the parent directories): .git
2023-10-04 00:19:26.114 [info] > git rev-parse --show-toplevel [2ms]
2023-10-04 00:19:26.114 [info] fatal: not a git repository (or any of the parent directories): .git
2023-10-04 00:19:53.205 [info] > git rev-parse --show-toplevel [5ms]
2023-10-04 00:19:53.205 [info] fatal: not a git repository (or any of the parent directories): .git
