2023-10-04 00:20:22.390 [info] Log level: Info
2023-10-04 00:20:22.390 [info] Validating found git in: "git"
2023-10-04 00:20:22.390 [info] Using git "2.42.0" from "git"
2023-10-04 00:20:22.395 [info] > git rev-parse --show-toplevel [10ms]
2023-10-04 00:20:22.395 [info] fatal: not a git repository (or any of the parent directories): .git
2023-10-04 00:20:22.408 [info] > git rev-parse --show-toplevel [1ms]
2023-10-04 00:20:22.408 [info] fatal: not a git repository (or any of the parent directories): .git
2023-10-04 00:20:22.421 [info] > git rev-parse --show-toplevel [5ms]
2023-10-04 00:20:22.421 [info] fatal: not a git repository (or any of the parent directories): .git
2023-10-04 00:20:22.431 [info] > git rev-parse --show-toplevel [2ms]
2023-10-04 00:20:22.431 [info] fatal: not a git repository (or any of the parent directories): .git
2023-10-04 00:20:22.440 [info] > git rev-parse --show-toplevel [1ms]
2023-10-04 00:20:22.440 [info] fatal: not a git repository (or any of the parent directories): .git
2023-10-04 00:20:22.458 [info] > git rev-parse --show-toplevel [10ms]
2023-10-04 00:20:22.458 [info] fatal: not a git repository (or any of the parent directories): .git
2023-10-04 00:20:22.477 [info] > git rev-parse --show-toplevel [3ms]
2023-10-04 00:20:22.477 [info] fatal: not a git repository (or any of the parent directories): .git
2023-10-04 00:20:22.497 [info] > git rev-parse --show-toplevel [13ms]
2023-10-04 00:20:22.497 [info] fatal: not a git repository (or any of the parent directories): .git
2023-10-04 00:20:22.508 [info] > git rev-parse --show-toplevel [2ms]
2023-10-04 00:20:22.508 [info] fatal: not a git repository (or any of the parent directories): .git
2023-10-04 00:20:22.520 [info] > git rev-parse --show-toplevel [1ms]
2023-10-04 00:20:22.520 [info] fatal: not a git repository (or any of the parent directories): .git
2023-10-04 00:20:22.540 [info] > git rev-parse --show-toplevel [6ms]
2023-10-04 00:20:22.540 [info] fatal: not a git repository (or any of the parent directories): .git
2023-10-04 00:20:22.550 [info] > git rev-parse --show-toplevel [2ms]
2023-10-04 00:20:22.550 [info] fatal: not a git repository (or any of the parent directories): .git
2023-10-04 00:20:22.572 [info] > git rev-parse --show-toplevel [10ms]
2023-10-04 00:20:22.572 [info] fatal: not a git repository (or any of the parent directories): .git
2023-10-04 00:20:22.582 [info] > git rev-parse --show-toplevel [1ms]
2023-10-04 00:20:22.582 [info] fatal: not a git repository (or any of the parent directories): .git
2023-10-04 00:20:22.591 [info] > git rev-parse --show-toplevel [1ms]
2023-10-04 00:20:22.591 [info] fatal: not a git repository (or any of the parent directories): .git
2023-10-04 00:20:22.602 [info] > git rev-parse --show-toplevel [3ms]
2023-10-04 00:20:22.602 [info] fatal: not a git repository (or any of the parent directories): .git
2023-10-04 00:20:22.613 [info] > git rev-parse --show-toplevel [3ms]
2023-10-04 00:20:22.613 [info] fatal: not a git repository (or any of the parent directories): .git
2023-10-04 00:20:22.623 [info] > git rev-parse --show-toplevel [4ms]
2023-10-04 00:20:22.623 [info] fatal: not a git repository (or any of the parent directories): .git
2023-10-04 00:20:22.634 [info] > git rev-parse --show-toplevel [3ms]
2023-10-04 00:20:22.634 [info] fatal: not a git repository (or any of the parent directories): .git
2023-10-04 00:20:22.800 [info] > git rev-parse --show-toplevel [7ms]
2023-10-04 00:20:22.800 [info] fatal: not a git repository (or any of the parent directories): .git
2023-10-04 00:20:22.994 [info] > git rev-parse --show-toplevel [3ms]
2023-10-04 00:20:22.995 [info] fatal: not a git repository (or any of the parent directories): .git
