2023-10-03 23:59:14.648 [info] Added views:workbench.panel.markers.view in workbench.panel.markers
2023-10-03 23:59:14.648 [info] Added views:workbench.panel.output in workbench.panel.output
2023-10-03 23:59:14.648 [info] Added views:terminal in terminal
2023-10-03 23:59:14.648 [info] Added views:outline in workbench.view.explorer
2023-10-03 23:59:14.648 [info] Added views:workbench.scm in workbench.view.scm
2023-10-03 23:59:14.648 [info] Added views:workbench.view.search in workbench.view.search
2023-10-03 23:59:14.648 [info] Added views:timeline in workbench.view.explorer
2023-10-03 23:59:14.648 [info] Added views:workbench.explorer.emptyView in workbench.view.explorer
2023-10-03 23:59:14.964 [info] Added views:workbench.debug.welcome in workbench.view.debug
2023-10-03 23:59:15.527 [info] Added views:workbench.panel.repl.view in workbench.panel.repl
2023-10-03 23:59:16.162 [info] Added views:~remote.forwardedPorts in ~remote.forwardedPortsContainer
2023-10-03 23:59:23.396 [info] Added views:workbench.panel.markers.view in workbench.panel.markers
2023-10-03 23:59:23.397 [info] Added views:workbench.panel.output in workbench.panel.output
2023-10-03 23:59:23.397 [info] Added views:terminal in terminal
2023-10-03 23:59:23.397 [info] Added views:outline in workbench.view.explorer
2023-10-03 23:59:23.397 [info] Added views:workbench.scm in workbench.view.scm
2023-10-03 23:59:23.397 [info] Added views:workbench.view.search in workbench.view.search
2023-10-03 23:59:23.397 [info] Added views:timeline in workbench.view.explorer
2023-10-03 23:59:23.397 [info] Added views:workbench.explorer.fileView in workbench.view.explorer
2023-10-03 23:59:23.585 [info] Added views:workbench.debug.welcome in workbench.view.debug
2023-10-03 23:59:24.193 [info] Added views:workbench.panel.repl.view in workbench.panel.repl
2023-10-03 23:59:24.770 [info] Added views:~remote.forwardedPorts in ~remote.forwardedPortsContainer
