2023-10-04 08:57:46.561 [info] Log level: Info
2023-10-04 08:57:46.561 [info] Validating found git in: "git"
2023-10-04 08:57:46.561 [info] Using git "2.42.0" from "git"
2023-10-04 08:57:46.561 [info] > git rev-parse --show-toplevel [4ms]
2023-10-04 08:57:46.561 [info] fatal: not a git repository (or any of the parent directories): .git
2023-10-04 08:58:05.208 [info] Log level: Info
2023-10-04 08:58:05.208 [info] Validating found git in: "git"
2023-10-04 08:58:05.208 [info] Using git "2.42.0" from "git"
2023-10-04 08:58:05.222 [info] > git rev-parse --show-toplevel [6ms]
2023-10-04 08:58:05.222 [info] fatal: not a git repository (or any of the parent directories): .git
2023-10-04 08:58:05.228 [info] > git rev-parse --show-toplevel [1ms]
2023-10-04 08:58:05.228 [info] fatal: not a git repository (or any of the parent directories): .git
2023-10-04 08:58:05.245 [info] > git rev-parse --show-toplevel [3ms]
2023-10-04 08:58:05.245 [info] fatal: not a git repository (or any of the parent directories): .git
2023-10-04 08:58:05.256 [info] > git rev-parse --show-toplevel [1ms]
2023-10-04 08:58:05.256 [info] fatal: not a git repository (or any of the parent directories): .git
2023-10-04 08:58:05.284 [info] > git rev-parse --show-toplevel [11ms]
2023-10-04 08:58:05.284 [info] fatal: not a git repository (or any of the parent directories): .git
2023-10-04 08:58:05.313 [info] > git rev-parse --show-toplevel [21ms]
2023-10-04 08:58:05.313 [info] fatal: not a git repository (or any of the parent directories): .git
2023-10-04 08:58:05.320 [info] > git rev-parse --show-toplevel [1ms]
2023-10-04 08:58:05.320 [info] fatal: not a git repository (or any of the parent directories): .git
2023-10-04 08:58:05.341 [info] > git rev-parse --show-toplevel [11ms]
2023-10-04 08:58:05.341 [info] fatal: not a git repository (or any of the parent directories): .git
2023-10-04 08:58:05.360 [info] > git rev-parse --show-toplevel [2ms]
2023-10-04 08:58:05.360 [info] fatal: not a git repository (or any of the parent directories): .git
2023-10-04 08:58:05.369 [info] > git rev-parse --show-toplevel [1ms]
2023-10-04 08:58:05.369 [info] fatal: not a git repository (or any of the parent directories): .git
2023-10-04 08:58:05.375 [info] > git rev-parse --show-toplevel [2ms]
2023-10-04 08:58:05.375 [info] fatal: not a git repository (or any of the parent directories): .git
2023-10-04 08:58:05.383 [info] > git rev-parse --show-toplevel [2ms]
2023-10-04 08:58:05.383 [info] fatal: not a git repository (or any of the parent directories): .git
2023-10-04 08:58:05.389 [info] > git rev-parse --show-toplevel [2ms]
2023-10-04 08:58:05.389 [info] fatal: not a git repository (or any of the parent directories): .git
2023-10-04 08:58:05.396 [info] > git rev-parse --show-toplevel [2ms]
2023-10-04 08:58:05.396 [info] fatal: not a git repository (or any of the parent directories): .git
2023-10-04 08:58:05.402 [info] > git rev-parse --show-toplevel [1ms]
2023-10-04 08:58:05.402 [info] fatal: not a git repository (or any of the parent directories): .git
2023-10-04 08:58:05.411 [info] > git rev-parse --show-toplevel [3ms]
2023-10-04 08:58:05.411 [info] fatal: not a git repository (or any of the parent directories): .git
2023-10-04 08:58:05.418 [info] > git rev-parse --show-toplevel [1ms]
2023-10-04 08:58:05.418 [info] fatal: not a git repository (or any of the parent directories): .git
2023-10-04 08:58:05.429 [info] > git rev-parse --show-toplevel [4ms]
2023-10-04 08:58:05.429 [info] fatal: not a git repository (or any of the parent directories): .git
2023-10-04 08:58:05.440 [info] > git rev-parse --show-toplevel [2ms]
2023-10-04 08:58:05.440 [info] fatal: not a git repository (or any of the parent directories): .git
2023-10-04 08:58:05.450 [info] > git rev-parse --show-toplevel [4ms]
2023-10-04 08:58:05.450 [info] fatal: not a git repository (or any of the parent directories): .git
2023-10-04 08:58:05.467 [info] > git rev-parse --show-toplevel [6ms]
2023-10-04 08:58:05.467 [info] fatal: not a git repository (or any of the parent directories): .git
2023-10-04 08:58:05.484 [info] > git rev-parse --show-toplevel [1ms]
2023-10-04 08:58:05.484 [info] fatal: not a git repository (or any of the parent directories): .git
2023-10-04 08:58:05.491 [info] > git rev-parse --show-toplevel [2ms]
2023-10-04 08:58:05.491 [info] fatal: not a git repository (or any of the parent directories): .git
2023-10-04 08:58:05.498 [info] > git rev-parse --show-toplevel [2ms]
2023-10-04 08:58:05.498 [info] fatal: not a git repository (or any of the parent directories): .git
2023-10-04 08:58:05.504 [info] > git rev-parse --show-toplevel [2ms]
2023-10-04 08:58:05.504 [info] fatal: not a git repository (or any of the parent directories): .git
2023-10-04 08:58:05.679 [info] > git rev-parse --show-toplevel [2ms]
2023-10-04 08:58:05.679 [info] fatal: not a git repository (or any of the parent directories): .git
2023-10-04 08:58:13.196 [info] > git rev-parse --show-toplevel [2ms]
2023-10-04 08:58:13.196 [info] fatal: not a git repository (or any of the parent directories): .git
