2023-10-04 08:57:45.824 [info] Added views:workbench.panel.markers.view in workbench.panel.markers
2023-10-04 08:57:45.824 [info] Added views:workbench.panel.output in workbench.panel.output
2023-10-04 08:57:45.824 [info] Added views:terminal in terminal
2023-10-04 08:57:45.824 [info] Added views:outline in workbench.view.explorer
2023-10-04 08:57:45.824 [info] Added views:workbench.scm in workbench.view.scm
2023-10-04 08:57:45.824 [info] Added views:workbench.view.search in workbench.view.search
2023-10-04 08:57:45.824 [info] Added views:timeline in workbench.view.explorer
2023-10-04 08:57:45.824 [info] Added views:workbench.explorer.emptyView in workbench.view.explorer
2023-10-04 08:57:46.025 [info] Added views:workbench.debug.welcome in workbench.view.debug
2023-10-04 08:57:46.434 [info] Added views:workbench.panel.repl.view in workbench.panel.repl
2023-10-04 08:57:46.740 [info] Added views:~remote.forwardedPorts in ~remote.forwardedPortsContainer
2023-10-04 08:58:04.348 [info] Added views:workbench.panel.markers.view in workbench.panel.markers
2023-10-04 08:58:04.348 [info] Added views:workbench.panel.output in workbench.panel.output
2023-10-04 08:58:04.348 [info] Added views:terminal in terminal
2023-10-04 08:58:04.348 [info] Added views:outline in workbench.view.explorer
2023-10-04 08:58:04.348 [info] Added views:workbench.scm in workbench.view.scm
2023-10-04 08:58:04.348 [info] Added views:workbench.view.search in workbench.view.search
2023-10-04 08:58:04.348 [info] Added views:timeline in workbench.view.explorer
2023-10-04 08:58:04.348 [info] Added views:workbench.explorer.fileView in workbench.view.explorer
2023-10-04 08:58:04.458 [info] Added views:workbench.debug.welcome in workbench.view.debug
2023-10-04 08:58:04.864 [info] Added views:workbench.panel.repl.view in workbench.panel.repl
2023-10-04 08:58:05.412 [info] Added views:~remote.forwardedPorts in ~remote.forwardedPortsContainer
