2023-10-03 23:59:15.730 [info] Log level: Info
2023-10-03 23:59:15.730 [info] Validating found git in: "git"
2023-10-03 23:59:15.730 [info] Using git "2.42.0" from "git"
2023-10-03 23:59:15.730 [info] > git rev-parse --show-toplevel [11ms]
2023-10-03 23:59:15.730 [info] fatal: not a git repository (or any of the parent directories): .git
2023-10-03 23:59:24.461 [info] Log level: Info
2023-10-03 23:59:24.461 [info] Validating found git in: "git"
2023-10-03 23:59:24.461 [info] Using git "2.42.0" from "git"
2023-10-03 23:59:24.465 [info] > git rev-parse --show-toplevel [8ms]
2023-10-03 23:59:24.465 [info] fatal: not a git repository (or any of the parent directories): .git
2023-10-03 23:59:24.479 [info] > git rev-parse --show-toplevel [3ms]
2023-10-03 23:59:24.479 [info] fatal: not a git repository (or any of the parent directories): .git
2023-10-03 23:59:24.496 [info] > git rev-parse --show-toplevel [9ms]
2023-10-03 23:59:24.496 [info] fatal: not a git repository (or any of the parent directories): .git
2023-10-03 23:59:24.510 [info] > git rev-parse --show-toplevel [8ms]
2023-10-03 23:59:24.510 [info] fatal: not a git repository (or any of the parent directories): .git
2023-10-03 23:59:24.527 [info] > git rev-parse --show-toplevel [4ms]
2023-10-03 23:59:24.527 [info] fatal: not a git repository (or any of the parent directories): .git
2023-10-03 23:59:24.535 [info] > git rev-parse --show-toplevel [1ms]
2023-10-03 23:59:24.535 [info] fatal: not a git repository (or any of the parent directories): .git
2023-10-03 23:59:24.557 [info] > git rev-parse --show-toplevel [10ms]
2023-10-03 23:59:24.557 [info] fatal: not a git repository (or any of the parent directories): .git
2023-10-03 23:59:24.570 [info] > git rev-parse --show-toplevel [4ms]
2023-10-03 23:59:24.570 [info] fatal: not a git repository (or any of the parent directories): .git
2023-10-03 23:59:24.588 [info] > git rev-parse --show-toplevel [3ms]
2023-10-03 23:59:24.588 [info] fatal: not a git repository (or any of the parent directories): .git
2023-10-03 23:59:24.604 [info] > git rev-parse --show-toplevel [2ms]
2023-10-03 23:59:24.604 [info] fatal: not a git repository (or any of the parent directories): .git
2023-10-03 23:59:24.613 [info] > git rev-parse --show-toplevel [3ms]
2023-10-03 23:59:24.613 [info] fatal: not a git repository (or any of the parent directories): .git
2023-10-03 23:59:24.622 [info] > git rev-parse --show-toplevel [1ms]
2023-10-03 23:59:24.623 [info] fatal: not a git repository (or any of the parent directories): .git
2023-10-03 23:59:24.631 [info] > git rev-parse --show-toplevel [0ms]
2023-10-03 23:59:24.631 [info] fatal: not a git repository (or any of the parent directories): .git
2023-10-03 23:59:24.638 [info] > git rev-parse --show-toplevel [1ms]
2023-10-03 23:59:24.638 [info] fatal: not a git repository (or any of the parent directories): .git
2023-10-03 23:59:24.646 [info] > git rev-parse --show-toplevel [2ms]
2023-10-03 23:59:24.646 [info] fatal: not a git repository (or any of the parent directories): .git
2023-10-03 23:59:24.653 [info] > git rev-parse --show-toplevel [2ms]
2023-10-03 23:59:24.653 [info] fatal: not a git repository (or any of the parent directories): .git
2023-10-03 23:59:24.664 [info] > git rev-parse --show-toplevel [1ms]
2023-10-03 23:59:24.664 [info] fatal: not a git repository (or any of the parent directories): .git
2023-10-03 23:59:24.676 [info] > git rev-parse --show-toplevel [2ms]
2023-10-03 23:59:24.676 [info] fatal: not a git repository (or any of the parent directories): .git
2023-10-03 23:59:24.686 [info] > git rev-parse --show-toplevel [2ms]
2023-10-03 23:59:24.686 [info] fatal: not a git repository (or any of the parent directories): .git
2023-10-03 23:59:24.697 [info] > git rev-parse --show-toplevel [3ms]
2023-10-03 23:59:24.697 [info] fatal: not a git repository (or any of the parent directories): .git
2023-10-03 23:59:24.799 [info] > git rev-parse --show-toplevel [4ms]
2023-10-03 23:59:24.799 [info] fatal: not a git repository (or any of the parent directories): .git
2023-10-03 23:59:25.017 [info] > git rev-parse --show-toplevel [3ms]
2023-10-03 23:59:25.017 [info] fatal: not a git repository (or any of the parent directories): .git
2023-10-03 23:59:28.319 [info] > git rev-parse --show-toplevel [3ms]
2023-10-03 23:59:28.319 [info] fatal: not a git repository (or any of the parent directories): .git
2023-10-03 23:59:29.234 [info] > git rev-parse --show-toplevel [2ms]
2023-10-03 23:59:29.235 [info] fatal: not a git repository (or any of the parent directories): .git
2023-10-03 23:59:29.639 [info] > git rev-parse --show-toplevel [2ms]
2023-10-03 23:59:29.639 [info] fatal: not a git repository (or any of the parent directories): .git
2023-10-03 23:59:31.140 [info] > git rev-parse --show-toplevel [2ms]
2023-10-03 23:59:31.141 [info] fatal: not a git repository (or any of the parent directories): .git
2023-10-03 23:59:34.924 [info] > git rev-parse --show-toplevel [2ms]
2023-10-03 23:59:34.924 [info] fatal: not a git repository (or any of the parent directories): .git
2023-10-03 23:59:36.899 [info] > git rev-parse --show-toplevel [3ms]
2023-10-03 23:59:36.900 [info] fatal: not a git repository (or any of the parent directories): .git
2023-10-03 23:59:55.878 [info] > git rev-parse --show-toplevel [2ms]
2023-10-03 23:59:55.878 [info] fatal: not a git repository (or any of the parent directories): .git
2023-10-04 00:00:56.481 [info] > git rev-parse --show-toplevel [3ms]
2023-10-04 00:00:56.481 [info] fatal: not a git repository (or any of the parent directories): .git
