2023-10-04 00:42:18.390 [info] Log level: Info
2023-10-04 00:42:18.390 [info] Validating found git in: "git"
2023-10-04 00:42:18.390 [info] Using git "2.42.0" from "git"
2023-10-04 00:42:18.390 [info] > git rev-parse --show-toplevel [21ms]
2023-10-04 00:42:18.390 [info] fatal: not a git repository (or any of the parent directories): .git
2023-10-04 00:42:18.393 [info] > git rev-parse --show-toplevel [13ms]
2023-10-04 00:42:18.393 [info] fatal: not a git repository (or any of the parent directories): .git
2023-10-04 00:42:18.403 [info] > git rev-parse --show-toplevel [3ms]
2023-10-04 00:42:18.403 [info] fatal: not a git repository (or any of the parent directories): .git
2023-10-04 00:42:18.410 [info] > git rev-parse --show-toplevel [1ms]
2023-10-04 00:42:18.410 [info] fatal: not a git repository (or any of the parent directories): .git
2023-10-04 00:42:18.424 [info] > git rev-parse --show-toplevel [3ms]
2023-10-04 00:42:18.424 [info] fatal: not a git repository (or any of the parent directories): .git
2023-10-04 00:42:18.431 [info] > git rev-parse --show-toplevel [2ms]
2023-10-04 00:42:18.431 [info] fatal: not a git repository (or any of the parent directories): .git
2023-10-04 00:42:18.440 [info] > git rev-parse --show-toplevel [1ms]
2023-10-04 00:42:18.440 [info] fatal: not a git repository (or any of the parent directories): .git
2023-10-04 00:42:18.448 [info] > git rev-parse --show-toplevel [2ms]
2023-10-04 00:42:18.448 [info] fatal: not a git repository (or any of the parent directories): .git
2023-10-04 00:42:18.459 [info] > git rev-parse --show-toplevel [1ms]
2023-10-04 00:42:18.459 [info] fatal: not a git repository (or any of the parent directories): .git
2023-10-04 00:42:18.476 [info] > git rev-parse --show-toplevel [3ms]
2023-10-04 00:42:18.476 [info] fatal: not a git repository (or any of the parent directories): .git
2023-10-04 00:42:18.484 [info] > git rev-parse --show-toplevel [2ms]
2023-10-04 00:42:18.484 [info] fatal: not a git repository (or any of the parent directories): .git
2023-10-04 00:42:18.494 [info] > git rev-parse --show-toplevel [1ms]
2023-10-04 00:42:18.494 [info] fatal: not a git repository (or any of the parent directories): .git
2023-10-04 00:42:18.507 [info] > git rev-parse --show-toplevel [1ms]
2023-10-04 00:42:18.507 [info] fatal: not a git repository (or any of the parent directories): .git
2023-10-04 00:42:18.522 [info] > git rev-parse --show-toplevel [8ms]
2023-10-04 00:42:18.522 [info] fatal: not a git repository (or any of the parent directories): .git
2023-10-04 00:42:18.531 [info] > git rev-parse --show-toplevel [2ms]
2023-10-04 00:42:18.532 [info] fatal: not a git repository (or any of the parent directories): .git
2023-10-04 00:42:18.541 [info] > git rev-parse --show-toplevel [2ms]
2023-10-04 00:42:18.541 [info] fatal: not a git repository (or any of the parent directories): .git
2023-10-04 00:42:18.555 [info] > git rev-parse --show-toplevel [8ms]
2023-10-04 00:42:18.555 [info] fatal: not a git repository (or any of the parent directories): .git
2023-10-04 00:42:18.570 [info] > git rev-parse --show-toplevel [2ms]
2023-10-04 00:42:18.570 [info] fatal: not a git repository (or any of the parent directories): .git
2023-10-04 00:42:18.580 [info] > git rev-parse --show-toplevel [1ms]
2023-10-04 00:42:18.580 [info] fatal: not a git repository (or any of the parent directories): .git
2023-10-04 00:42:18.588 [info] > git rev-parse --show-toplevel [2ms]
2023-10-04 00:42:18.588 [info] fatal: not a git repository (or any of the parent directories): .git
2023-10-04 00:42:18.596 [info] > git rev-parse --show-toplevel [1ms]
2023-10-04 00:42:18.596 [info] fatal: not a git repository (or any of the parent directories): .git
2023-10-04 00:42:18.603 [info] > git rev-parse --show-toplevel [0ms]
2023-10-04 00:42:18.603 [info] fatal: not a git repository (or any of the parent directories): .git
2023-10-04 00:42:18.616 [info] > git rev-parse --show-toplevel [2ms]
2023-10-04 00:42:18.616 [info] fatal: not a git repository (or any of the parent directories): .git
2023-10-04 00:42:18.628 [info] > git rev-parse --show-toplevel [2ms]
2023-10-04 00:42:18.628 [info] fatal: not a git repository (or any of the parent directories): .git
2023-10-04 00:42:18.714 [info] > git rev-parse --show-toplevel [1ms]
2023-10-04 00:42:18.714 [info] fatal: not a git repository (or any of the parent directories): .git
2023-10-04 00:42:19.010 [info] > git rev-parse --show-toplevel [13ms]
2023-10-04 00:42:19.010 [info] fatal: not a git repository (or any of the parent directories): .git
2023-10-04 00:42:40.726 [info] > git rev-parse --show-toplevel [1ms]
2023-10-04 00:42:40.726 [info] fatal: not a git repository (or any of the parent directories): .git
2023-10-04 00:43:01.566 [info] > git rev-parse --show-toplevel [2ms]
2023-10-04 00:43:01.566 [info] fatal: not a git repository (or any of the parent directories): .git
2023-10-04 00:43:08.944 [info] > git rev-parse --show-toplevel [6ms]
2023-10-04 00:43:08.944 [info] fatal: not a git repository (or any of the parent directories): .git
2023-10-04 00:43:11.542 [info] > git rev-parse --show-toplevel [2ms]
2023-10-04 00:43:11.542 [info] fatal: not a git repository (or any of the parent directories): .git
2023-10-04 00:43:15.891 [info] > git rev-parse --show-toplevel [1ms]
2023-10-04 00:43:15.891 [info] fatal: not a git repository (or any of the parent directories): .git
2023-10-04 00:43:18.198 [info] > git rev-parse --show-toplevel [2ms]
2023-10-04 00:43:18.198 [info] fatal: not a git repository (or any of the parent directories): .git
