2023-10-03 23:59:15.336 [info] Extension host with pid 42291 started
2023-10-03 23:59:15.523 [info] ExtensionService#_doActivateExtension vscode.emmet, startup: false, activationEvent: 'onLanguage'
2023-10-03 23:59:15.572 [info] ExtensionService#_doActivateExtension vscode.git-base, startup: true, activationEvent: '*', root cause: vscode.git
2023-10-03 23:59:15.582 [info] ExtensionService#_doActivateExtension vscode.git, startup: true, activationEvent: '*'
2023-10-03 23:59:15.609 [info] ExtensionService#_doActivateExtension vscode.github, startup: true, activationEvent: '*'
2023-10-03 23:59:15.700 [info] Eager extensions activated
2023-10-03 23:59:15.748 [info] ExtensionService#_doActivateExtension vscode.debug-auto-launch, startup: false, activationEvent: 'onStartupFinished'
2023-10-03 23:59:15.751 [info] ExtensionService#_doActivateExtension vscode.merge-conflict, startup: false, activationEvent: 'onStartupFinished'
2023-10-03 23:59:16.179 [info] ExtensionService#_doActivateExtension vscode.github-authentication, startup: false, activationEvent: 'onAuthenticationRequest:github'
2023-10-03 23:59:16.281 [info] ExtensionService#_doActivateExtension vscode.microsoft-authentication, startup: false, activationEvent: 'onAuthenticationRequest:microsoft'
2023-10-03 23:59:22.649 [info] Extension host terminating: renderer closed the MessagePort
2023-10-03 23:59:24.066 [info] Extension host with pid 42405 started
2023-10-03 23:59:24.066 [info] Skipping acquiring lock for /home/danna/.config/Code/User/workspaceStorage/7d66f3413dc5608a745d266f2ca9b95c.
2023-10-03 23:59:24.190 [info] ExtensionService#_doActivateExtension vscode.emmet, startup: false, activationEvent: 'onLanguage'
2023-10-03 23:59:24.288 [info] ExtensionService#_doActivateExtension vscode.git-base, startup: true, activationEvent: '*', root cause: vscode.git
2023-10-03 23:59:24.335 [info] ExtensionService#_doActivateExtension vscode.git, startup: true, activationEvent: '*'
2023-10-03 23:59:24.369 [info] ExtensionService#_doActivateExtension vscode.github, startup: true, activationEvent: '*'
2023-10-03 23:59:24.443 [info] Eager extensions activated
2023-10-03 23:59:24.547 [info] ExtensionService#_doActivateExtension vscode.debug-auto-launch, startup: false, activationEvent: 'onStartupFinished'
2023-10-03 23:59:24.549 [info] ExtensionService#_doActivateExtension vscode.merge-conflict, startup: false, activationEvent: 'onStartupFinished'
2023-10-03 23:59:24.802 [info] ExtensionService#_doActivateExtension vscode.github-authentication, startup: false, activationEvent: 'onAuthenticationRequest:github'
2023-10-03 23:59:24.890 [info] ExtensionService#_doActivateExtension vscode.microsoft-authentication, startup: false, activationEvent: 'onAuthenticationRequest:microsoft'
2023-10-03 23:59:27.658 [info] Extension host with pid 42291 exiting with code 0
2023-10-04 00:00:20.146 [info] ExtensionService#_doActivateExtension vscode.media-preview, startup: false, activationEvent: 'onCustomEditor:imagePreview.previewEditor'
2023-10-04 00:03:42.104 [info] Extension host terminating: renderer closed the MessagePort
2023-10-04 00:03:47.116 [info] Extension host with pid 42405 exiting with code 0
